[2024-06-07T06:41:57.606+0000] {local_task_job_runner.py:120} INFO - ::group::Pre task execution logs
[2024-06-07T06:41:57.636+0000] {taskinstance.py:2076} INFO - Dependencies all met for dep_context=non-requeueable deps ti=<TaskInstance: my_dag.task3 scheduled__2024-05-29T16:53:00+00:00 [queued]>
[2024-06-07T06:41:57.648+0000] {taskinstance.py:2076} INFO - Dependencies all met for dep_context=requeueable deps ti=<TaskInstance: my_dag.task3 scheduled__2024-05-29T16:53:00+00:00 [queued]>
[2024-06-07T06:41:57.649+0000] {taskinstance.py:2306} INFO - Starting attempt 2 of 2
[2024-06-07T06:41:57.667+0000] {taskinstance.py:2330} INFO - Executing <Task(PythonOperator): task3> on 2024-05-29 16:53:00+00:00
[2024-06-07T06:41:57.676+0000] {warnings.py:110} WARNING - /home/***/.local/lib/python3.12/site-packages/***/task/task_runner/standard_task_runner.py:61: DeprecationWarning: This process (pid=193) is multi-threaded, use of fork() may lead to deadlocks in the child.
  pid = os.fork()

[2024-06-07T06:41:57.679+0000] {standard_task_runner.py:63} INFO - Started process 201 to run task
[2024-06-07T06:41:57.681+0000] {standard_task_runner.py:90} INFO - Running: ['***', 'tasks', 'run', 'my_dag', 'task3', 'scheduled__2024-05-29T16:53:00+00:00', '--job-id', '167', '--raw', '--subdir', 'DAGS_FOLDER/test_dag.py', '--cfg-path', '/tmp/tmpsvdildqx']
[2024-06-07T06:41:57.684+0000] {standard_task_runner.py:91} INFO - Job 167: Subtask task3
[2024-06-07T06:41:57.784+0000] {task_command.py:426} INFO - Running <TaskInstance: my_dag.task3 scheduled__2024-05-29T16:53:00+00:00 [running]> on host c0a906348550
[2024-06-07T06:41:58.045+0000] {taskinstance.py:2648} INFO - Exporting env vars: AIRFLOW_CTX_DAG_OWNER='***' AIRFLOW_CTX_DAG_ID='my_dag' AIRFLOW_CTX_TASK_ID='task3' AIRFLOW_CTX_EXECUTION_DATE='2024-05-29T16:53:00+00:00' AIRFLOW_CTX_TRY_NUMBER='2' AIRFLOW_CTX_DAG_RUN_ID='scheduled__2024-05-29T16:53:00+00:00'
[2024-06-07T06:41:58.051+0000] {taskinstance.py:430} INFO - ::endgroup::
[2024-06-07T06:46:17.665+0000] {logging_mixin.py:188} INFO - 2024-06-07 00:00:00
[2024-06-07T06:46:17.666+0000] {logging_mixin.py:188} INFO - 2376.90
[2024-06-07T06:46:17.667+0000] {logging_mixin.py:188} INFO - 2376.91
[2024-06-07T06:46:17.668+0000] {logging_mixin.py:188} INFO - 2387.77
[2024-06-07T06:46:17.668+0000] {logging_mixin.py:188} INFO - 2369.55
[2024-06-07T06:46:17.669+0000] {logging_mixin.py:188} INFO - 0.00
[2024-06-07T06:46:17.669+0000] {python.py:237} INFO - Done. Returned value was: None
[2024-06-07T06:46:17.671+0000] {taskinstance.py:441} INFO - ::group::Post task execution logs
[2024-06-07T06:46:17.689+0000] {taskinstance.py:1206} INFO - Marking task as SUCCESS. dag_id=my_dag, task_id=task3, run_id=scheduled__2024-05-29T16:53:00+00:00, execution_date=20240529T165300, start_date=20240607T064157, end_date=20240607T064617
[2024-06-07T06:46:17.721+0000] {local_task_job_runner.py:240} INFO - Task exited with return code 0
[2024-06-07T06:46:17.741+0000] {taskinstance.py:3498} INFO - 0 downstream tasks scheduled from follow-on schedule check
[2024-06-07T06:46:17.743+0000] {local_task_job_runner.py:222} INFO - ::endgroup::
