[2024-06-07T06:41:57.612+0000] {local_task_job_runner.py:120} INFO - ::group::Pre task execution logs
[2024-06-07T06:41:57.645+0000] {taskinstance.py:2076} INFO - Dependencies all met for dep_context=non-requeueable deps ti=<TaskInstance: my_dag.task3 scheduled__2024-06-02T16:53:00+00:00 [queued]>
[2024-06-07T06:41:57.658+0000] {taskinstance.py:2076} INFO - Dependencies all met for dep_context=requeueable deps ti=<TaskInstance: my_dag.task3 scheduled__2024-06-02T16:53:00+00:00 [queued]>
[2024-06-07T06:41:57.659+0000] {taskinstance.py:2306} INFO - Starting attempt 2 of 2
[2024-06-07T06:41:57.678+0000] {taskinstance.py:2330} INFO - Executing <Task(PythonOperator): task3> on 2024-06-02 16:53:00+00:00
[2024-06-07T06:41:57.687+0000] {warnings.py:110} WARNING - /home/***/.local/lib/python3.12/site-packages/***/task/task_runner/standard_task_runner.py:61: DeprecationWarning: This process (pid=189) is multi-threaded, use of fork() may lead to deadlocks in the child.
  pid = os.fork()

[2024-06-07T06:41:57.689+0000] {standard_task_runner.py:63} INFO - Started process 203 to run task
[2024-06-07T06:41:57.700+0000] {standard_task_runner.py:90} INFO - Running: ['***', 'tasks', 'run', 'my_dag', 'task3', 'scheduled__2024-06-02T16:53:00+00:00', '--job-id', '169', '--raw', '--subdir', 'DAGS_FOLDER/test_dag.py', '--cfg-path', '/tmp/tmpb3azhtyj']
[2024-06-07T06:41:57.701+0000] {standard_task_runner.py:91} INFO - Job 169: Subtask task3
[2024-06-07T06:41:57.785+0000] {task_command.py:426} INFO - Running <TaskInstance: my_dag.task3 scheduled__2024-06-02T16:53:00+00:00 [running]> on host c0a906348550
[2024-06-07T06:41:57.999+0000] {taskinstance.py:2648} INFO - Exporting env vars: AIRFLOW_CTX_DAG_OWNER='***' AIRFLOW_CTX_DAG_ID='my_dag' AIRFLOW_CTX_TASK_ID='task3' AIRFLOW_CTX_EXECUTION_DATE='2024-06-02T16:53:00+00:00' AIRFLOW_CTX_TRY_NUMBER='2' AIRFLOW_CTX_DAG_RUN_ID='scheduled__2024-06-02T16:53:00+00:00'
[2024-06-07T06:41:58.005+0000] {taskinstance.py:430} INFO - ::endgroup::
[2024-06-07T06:45:03.817+0000] {logging_mixin.py:188} INFO - 2024-06-07 00:00:00
[2024-06-07T06:45:03.818+0000] {logging_mixin.py:188} INFO - 2376.90
[2024-06-07T06:45:03.819+0000] {logging_mixin.py:188} INFO - 2376.91
[2024-06-07T06:45:03.819+0000] {logging_mixin.py:188} INFO - 2387.77
[2024-06-07T06:45:03.819+0000] {logging_mixin.py:188} INFO - 2369.55
[2024-06-07T06:45:03.820+0000] {logging_mixin.py:188} INFO - 0.00
[2024-06-07T06:45:03.820+0000] {python.py:237} INFO - Done. Returned value was: None
[2024-06-07T06:45:03.823+0000] {taskinstance.py:441} INFO - ::group::Post task execution logs
[2024-06-07T06:45:03.843+0000] {taskinstance.py:1206} INFO - Marking task as SUCCESS. dag_id=my_dag, task_id=task3, run_id=scheduled__2024-06-02T16:53:00+00:00, execution_date=20240602T165300, start_date=20240607T064157, end_date=20240607T064503
[2024-06-07T06:45:03.916+0000] {local_task_job_runner.py:240} INFO - Task exited with return code 0
[2024-06-07T06:45:03.946+0000] {local_task_job_runner.py:222} INFO - ::endgroup::
