[2024-05-08T07:58:21.538+0000] {local_task_job_runner.py:120} INFO - ::group::Pre task execution logs
[2024-05-08T07:58:21.591+0000] {taskinstance.py:2076} INFO - Dependencies all met for dep_context=non-requeueable deps ti=<TaskInstance: my_dag.task2 manual__2024-05-08T07:58:15.432530+00:00 [queued]>
[2024-05-08T07:58:21.605+0000] {taskinstance.py:2076} INFO - Dependencies all met for dep_context=requeueable deps ti=<TaskInstance: my_dag.task2 manual__2024-05-08T07:58:15.432530+00:00 [queued]>
[2024-05-08T07:58:21.606+0000] {taskinstance.py:2306} INFO - Starting attempt 1 of 2
[2024-05-08T07:58:21.623+0000] {taskinstance.py:2330} INFO - Executing <Task(PythonOperator): task2> on 2024-05-08 07:58:15.432530+00:00
[2024-05-08T07:58:21.635+0000] {warnings.py:110} WARNING - /home/***/.local/lib/python3.12/site-packages/***/task/task_runner/standard_task_runner.py:61: DeprecationWarning: This process (pid=72) is multi-threaded, use of fork() may lead to deadlocks in the child.
  pid = os.fork()

[2024-05-08T07:58:21.641+0000] {standard_task_runner.py:63} INFO - Started process 73 to run task
[2024-05-08T07:58:21.641+0000] {standard_task_runner.py:90} INFO - Running: ['***', 'tasks', 'run', 'my_dag', 'task2', 'manual__2024-05-08T07:58:15.432530+00:00', '--job-id', '14', '--raw', '--subdir', 'DAGS_FOLDER/test_dag.py', '--cfg-path', '/tmp/tmpin9mq6g5']
[2024-05-08T07:58:21.643+0000] {standard_task_runner.py:91} INFO - Job 14: Subtask task2
[2024-05-08T07:58:21.738+0000] {task_command.py:426} INFO - Running <TaskInstance: my_dag.task2 manual__2024-05-08T07:58:15.432530+00:00 [running]> on host ae3e6682fe2c
[2024-05-08T07:58:21.901+0000] {taskinstance.py:2648} INFO - Exporting env vars: AIRFLOW_CTX_DAG_OWNER='***' AIRFLOW_CTX_DAG_ID='my_dag' AIRFLOW_CTX_TASK_ID='task2' AIRFLOW_CTX_EXECUTION_DATE='2024-05-08T07:58:15.432530+00:00' AIRFLOW_CTX_TRY_NUMBER='1' AIRFLOW_CTX_DAG_RUN_ID='manual__2024-05-08T07:58:15.432530+00:00'
[2024-05-08T07:58:21.903+0000] {taskinstance.py:430} INFO - ::endgroup::
[2024-05-08T07:58:21.942+0000] {logging_mixin.py:188} INFO - hello1
[2024-05-08T07:58:21.942+0000] {python.py:237} INFO - Done. Returned value was: None
[2024-05-08T07:58:21.947+0000] {taskinstance.py:441} INFO - ::group::Post task execution logs
[2024-05-08T07:58:21.962+0000] {taskinstance.py:1206} INFO - Marking task as SUCCESS. dag_id=my_dag, task_id=task2, run_id=manual__2024-05-08T07:58:15.432530+00:00, execution_date=20240508T075815, start_date=20240508T075821, end_date=20240508T075821
[2024-05-08T07:58:22.019+0000] {local_task_job_runner.py:240} INFO - Task exited with return code 0
[2024-05-08T07:58:22.053+0000] {taskinstance.py:3498} INFO - 0 downstream tasks scheduled from follow-on schedule check
[2024-05-08T07:58:22.055+0000] {local_task_job_runner.py:222} INFO - ::endgroup::
