[2024-05-30T03:12:11.712+0000] {local_task_job_runner.py:120} INFO - ::group::Pre task execution logs
[2024-05-30T03:12:11.802+0000] {taskinstance.py:2076} INFO - Dependencies all met for dep_context=non-requeueable deps ti=<TaskInstance: my_dag.task1 scheduled__2024-05-08T16:53:00+00:00 [queued]>
[2024-05-30T03:12:11.826+0000] {taskinstance.py:2076} INFO - Dependencies all met for dep_context=requeueable deps ti=<TaskInstance: my_dag.task1 scheduled__2024-05-08T16:53:00+00:00 [queued]>
[2024-05-30T03:12:11.829+0000] {taskinstance.py:2306} INFO - Starting attempt 1 of 2
[2024-05-30T03:12:11.990+0000] {taskinstance.py:2330} INFO - Executing <Task(BashOperator): task1> on 2024-05-08 16:53:00+00:00
[2024-05-30T03:12:12.010+0000] {warnings.py:110} WARNING - /home/***/.local/lib/python3.12/site-packages/***/task/task_runner/standard_task_runner.py:61: DeprecationWarning: This process (pid=70) is multi-threaded, use of fork() may lead to deadlocks in the child.
  pid = os.fork()

[2024-05-30T03:12:12.020+0000] {standard_task_runner.py:63} INFO - Started process 75 to run task
[2024-05-30T03:12:12.015+0000] {standard_task_runner.py:90} INFO - Running: ['***', 'tasks', 'run', 'my_dag', 'task1', 'scheduled__2024-05-08T16:53:00+00:00', '--job-id', '54', '--raw', '--subdir', 'DAGS_FOLDER/test_dag.py', '--cfg-path', '/tmp/tmp22czr0yi']
[2024-05-30T03:12:12.024+0000] {standard_task_runner.py:91} INFO - Job 54: Subtask task1
[2024-05-30T03:12:12.272+0000] {task_command.py:426} INFO - Running <TaskInstance: my_dag.task1 scheduled__2024-05-08T16:53:00+00:00 [running]> on host 0cdcce71d9ce
[2024-05-30T03:12:12.789+0000] {taskinstance.py:2648} INFO - Exporting env vars: AIRFLOW_CTX_DAG_OWNER='***' AIRFLOW_CTX_DAG_ID='my_dag' AIRFLOW_CTX_TASK_ID='task1' AIRFLOW_CTX_EXECUTION_DATE='2024-05-08T16:53:00+00:00' AIRFLOW_CTX_TRY_NUMBER='1' AIRFLOW_CTX_DAG_RUN_ID='scheduled__2024-05-08T16:53:00+00:00'
[2024-05-30T03:12:12.801+0000] {taskinstance.py:430} INFO - ::endgroup::
[2024-05-30T03:12:13.016+0000] {subprocess.py:63} INFO - Tmp dir root location: /tmp
[2024-05-30T03:12:13.023+0000] {subprocess.py:75} INFO - Running command: ['/usr/bin/bash', '-c', 'echo " hello "']
[2024-05-30T03:12:13.063+0000] {subprocess.py:86} INFO - Output:
[2024-05-30T03:12:13.119+0000] {subprocess.py:93} INFO -  hello
[2024-05-30T03:12:13.124+0000] {subprocess.py:97} INFO - Command exited with return code 0
[2024-05-30T03:12:13.127+0000] {taskinstance.py:441} INFO - ::group::Post task execution logs
[2024-05-30T03:12:13.249+0000] {taskinstance.py:1206} INFO - Marking task as SUCCESS. dag_id=my_dag, task_id=task1, run_id=scheduled__2024-05-08T16:53:00+00:00, execution_date=20240508T165300, start_date=20240530T031211, end_date=20240530T031213
[2024-05-30T03:12:13.638+0000] {local_task_job_runner.py:240} INFO - Task exited with return code 0
[2024-05-30T03:12:13.720+0000] {taskinstance.py:3498} INFO - 1 downstream tasks scheduled from follow-on schedule check
[2024-05-30T03:12:13.729+0000] {local_task_job_runner.py:222} INFO - ::endgroup::
