[2024-05-08T07:58:19.359+0000] {local_task_job_runner.py:120} INFO - ::group::Pre task execution logs
[2024-05-08T07:58:19.645+0000] {taskinstance.py:2076} INFO - Dependencies all met for dep_context=non-requeueable deps ti=<TaskInstance: my_dag.task1 manual__2024-05-08T07:58:15.432530+00:00 [queued]>
[2024-05-08T07:58:19.681+0000] {taskinstance.py:2076} INFO - Dependencies all met for dep_context=requeueable deps ti=<TaskInstance: my_dag.task1 manual__2024-05-08T07:58:15.432530+00:00 [queued]>
[2024-05-08T07:58:19.683+0000] {taskinstance.py:2306} INFO - Starting attempt 1 of 2
[2024-05-08T07:58:19.732+0000] {taskinstance.py:2330} INFO - Executing <Task(BashOperator): task1> on 2024-05-08 07:58:15.432530+00:00
[2024-05-08T07:58:19.751+0000] {warnings.py:110} WARNING - /home/***/.local/lib/python3.12/site-packages/***/task/task_runner/standard_task_runner.py:61: DeprecationWarning: This process (pid=69) is multi-threaded, use of fork() may lead to deadlocks in the child.
  pid = os.fork()

[2024-05-08T07:58:19.748+0000] {standard_task_runner.py:90} INFO - Running: ['***', 'tasks', 'run', 'my_dag', 'task1', 'manual__2024-05-08T07:58:15.432530+00:00', '--job-id', '13', '--raw', '--subdir', 'DAGS_FOLDER/test_dag.py', '--cfg-path', '/tmp/tmp2ek7hze6']
[2024-05-08T07:58:19.756+0000] {standard_task_runner.py:63} INFO - Started process 70 to run task
[2024-05-08T07:58:19.757+0000] {standard_task_runner.py:91} INFO - Job 13: Subtask task1
[2024-05-08T07:58:19.971+0000] {task_command.py:426} INFO - Running <TaskInstance: my_dag.task1 manual__2024-05-08T07:58:15.432530+00:00 [running]> on host ae3e6682fe2c
[2024-05-08T07:58:20.182+0000] {taskinstance.py:2648} INFO - Exporting env vars: AIRFLOW_CTX_DAG_OWNER='***' AIRFLOW_CTX_DAG_ID='my_dag' AIRFLOW_CTX_TASK_ID='task1' AIRFLOW_CTX_EXECUTION_DATE='2024-05-08T07:58:15.432530+00:00' AIRFLOW_CTX_TRY_NUMBER='1' AIRFLOW_CTX_DAG_RUN_ID='manual__2024-05-08T07:58:15.432530+00:00'
[2024-05-08T07:58:20.185+0000] {taskinstance.py:430} INFO - ::endgroup::
[2024-05-08T07:58:20.288+0000] {subprocess.py:63} INFO - Tmp dir root location: /tmp
[2024-05-08T07:58:20.290+0000] {subprocess.py:75} INFO - Running command: ['/usr/bin/bash', '-c', 'echo " hello "']
[2024-05-08T07:58:20.314+0000] {subprocess.py:86} INFO - Output:
[2024-05-08T07:58:20.328+0000] {subprocess.py:93} INFO -  hello
[2024-05-08T07:58:20.330+0000] {subprocess.py:97} INFO - Command exited with return code 0
[2024-05-08T07:58:20.332+0000] {taskinstance.py:441} INFO - ::group::Post task execution logs
[2024-05-08T07:58:20.398+0000] {taskinstance.py:1206} INFO - Marking task as SUCCESS. dag_id=my_dag, task_id=task1, run_id=manual__2024-05-08T07:58:15.432530+00:00, execution_date=20240508T075815, start_date=20240508T075819, end_date=20240508T075820
[2024-05-08T07:58:20.466+0000] {local_task_job_runner.py:240} INFO - Task exited with return code 0
[2024-05-08T07:58:20.504+0000] {taskinstance.py:3498} INFO - 1 downstream tasks scheduled from follow-on schedule check
[2024-05-08T07:58:20.507+0000] {local_task_job_runner.py:222} INFO - ::endgroup::
