[2024-05-30T03:14:02.436+0000] {local_task_job_runner.py:120} INFO - ::group::Pre task execution logs
[2024-05-30T03:14:02.478+0000] {taskinstance.py:2076} INFO - Dependencies all met for dep_context=non-requeueable deps ti=<TaskInstance: my_dag.task1 scheduled__2024-05-25T16:53:00+00:00 [queued]>
[2024-05-30T03:14:02.489+0000] {taskinstance.py:2076} INFO - Dependencies all met for dep_context=requeueable deps ti=<TaskInstance: my_dag.task1 scheduled__2024-05-25T16:53:00+00:00 [queued]>
[2024-05-30T03:14:02.490+0000] {taskinstance.py:2306} INFO - Starting attempt 1 of 2
[2024-05-30T03:14:02.548+0000] {taskinstance.py:2330} INFO - Executing <Task(BashOperator): task1> on 2024-05-25 16:53:00+00:00
[2024-05-30T03:14:02.563+0000] {warnings.py:110} WARNING - /home/***/.local/lib/python3.12/site-packages/***/task/task_runner/standard_task_runner.py:61: DeprecationWarning: This process (pid=68) is multi-threaded, use of fork() may lead to deadlocks in the child.
  pid = os.fork()

[2024-05-30T03:14:02.571+0000] {standard_task_runner.py:63} INFO - Started process 73 to run task
[2024-05-30T03:14:02.573+0000] {standard_task_runner.py:90} INFO - Running: ['***', 'tasks', 'run', 'my_dag', 'task1', 'scheduled__2024-05-25T16:53:00+00:00', '--job-id', '67', '--raw', '--subdir', 'DAGS_FOLDER/test_dag.py', '--cfg-path', '/tmp/tmpku8yf0wv']
[2024-05-30T03:14:02.575+0000] {standard_task_runner.py:91} INFO - Job 67: Subtask task1
[2024-05-30T03:14:02.670+0000] {task_command.py:426} INFO - Running <TaskInstance: my_dag.task1 scheduled__2024-05-25T16:53:00+00:00 [running]> on host 7749e89312c9
[2024-05-30T03:14:02.854+0000] {taskinstance.py:2648} INFO - Exporting env vars: AIRFLOW_CTX_DAG_OWNER='***' AIRFLOW_CTX_DAG_ID='my_dag' AIRFLOW_CTX_TASK_ID='task1' AIRFLOW_CTX_EXECUTION_DATE='2024-05-25T16:53:00+00:00' AIRFLOW_CTX_TRY_NUMBER='1' AIRFLOW_CTX_DAG_RUN_ID='scheduled__2024-05-25T16:53:00+00:00'
[2024-05-30T03:14:02.856+0000] {taskinstance.py:430} INFO - ::endgroup::
[2024-05-30T03:14:02.879+0000] {subprocess.py:63} INFO - Tmp dir root location: /tmp
[2024-05-30T03:14:02.881+0000] {subprocess.py:75} INFO - Running command: ['/usr/bin/bash', '-c', 'echo " hello "']
[2024-05-30T03:14:02.906+0000] {subprocess.py:86} INFO - Output:
[2024-05-30T03:14:02.909+0000] {subprocess.py:93} INFO -  hello
[2024-05-30T03:14:02.910+0000] {subprocess.py:97} INFO - Command exited with return code 0
[2024-05-30T03:14:02.914+0000] {taskinstance.py:441} INFO - ::group::Post task execution logs
[2024-05-30T03:14:02.953+0000] {taskinstance.py:1206} INFO - Marking task as SUCCESS. dag_id=my_dag, task_id=task1, run_id=scheduled__2024-05-25T16:53:00+00:00, execution_date=20240525T165300, start_date=20240530T031402, end_date=20240530T031402
[2024-05-30T03:14:02.991+0000] {local_task_job_runner.py:240} INFO - Task exited with return code 0
[2024-05-30T03:14:03.021+0000] {taskinstance.py:3498} INFO - 1 downstream tasks scheduled from follow-on schedule check
[2024-05-30T03:14:03.023+0000] {local_task_job_runner.py:222} INFO - ::endgroup::
