[2024-06-07T06:36:54.647+0000] {local_task_job_runner.py:120} INFO - ::group::Pre task execution logs
[2024-06-07T06:36:54.704+0000] {taskinstance.py:2076} INFO - Dependencies all met for dep_context=non-requeueable deps ti=<TaskInstance: my_dag.task2 scheduled__2024-06-04T16:53:00+00:00 [queued]>
[2024-06-07T06:36:54.722+0000] {taskinstance.py:2076} INFO - Dependencies all met for dep_context=requeueable deps ti=<TaskInstance: my_dag.task2 scheduled__2024-06-04T16:53:00+00:00 [queued]>
[2024-06-07T06:36:54.723+0000] {taskinstance.py:2306} INFO - Starting attempt 1 of 2
[2024-06-07T06:36:54.772+0000] {taskinstance.py:2330} INFO - Executing <Task(PythonOperator): task2> on 2024-06-04 16:53:00+00:00
[2024-06-07T06:36:54.780+0000] {warnings.py:110} WARNING - /home/***/.local/lib/python3.12/site-packages/***/task/task_runner/standard_task_runner.py:61: DeprecationWarning: This process (pid=87) is multi-threaded, use of fork() may lead to deadlocks in the child.
  pid = os.fork()

[2024-06-07T06:36:54.782+0000] {standard_task_runner.py:63} INFO - Started process 98 to run task
[2024-06-07T06:36:54.788+0000] {standard_task_runner.py:90} INFO - Running: ['***', 'tasks', 'run', 'my_dag', 'task2', 'scheduled__2024-06-04T16:53:00+00:00', '--job-id', '150', '--raw', '--subdir', 'DAGS_FOLDER/test_dag.py', '--cfg-path', '/tmp/tmpzhn4_n8l']
[2024-06-07T06:36:54.790+0000] {standard_task_runner.py:91} INFO - Job 150: Subtask task2
[2024-06-07T06:36:54.910+0000] {task_command.py:426} INFO - Running <TaskInstance: my_dag.task2 scheduled__2024-06-04T16:53:00+00:00 [running]> on host c0a906348550
[2024-06-07T06:36:55.087+0000] {taskinstance.py:2648} INFO - Exporting env vars: AIRFLOW_CTX_DAG_OWNER='***' AIRFLOW_CTX_DAG_ID='my_dag' AIRFLOW_CTX_TASK_ID='task2' AIRFLOW_CTX_EXECUTION_DATE='2024-06-04T16:53:00+00:00' AIRFLOW_CTX_TRY_NUMBER='1' AIRFLOW_CTX_DAG_RUN_ID='scheduled__2024-06-04T16:53:00+00:00'
[2024-06-07T06:36:55.088+0000] {taskinstance.py:430} INFO - ::endgroup::
[2024-06-07T06:36:55.107+0000] {logging_mixin.py:188} INFO - hello1
[2024-06-07T06:36:55.108+0000] {python.py:237} INFO - Done. Returned value was: None
[2024-06-07T06:36:55.110+0000] {taskinstance.py:441} INFO - ::group::Post task execution logs
[2024-06-07T06:36:55.122+0000] {taskinstance.py:1206} INFO - Marking task as SUCCESS. dag_id=my_dag, task_id=task2, run_id=scheduled__2024-06-04T16:53:00+00:00, execution_date=20240604T165300, start_date=20240607T063654, end_date=20240607T063655
[2024-06-07T06:36:55.163+0000] {local_task_job_runner.py:240} INFO - Task exited with return code 0
[2024-06-07T06:36:55.204+0000] {taskinstance.py:3498} INFO - 1 downstream tasks scheduled from follow-on schedule check
[2024-06-07T06:36:55.211+0000] {local_task_job_runner.py:222} INFO - ::endgroup::
