[2024-06-07T06:36:51.455+0000] {local_task_job_runner.py:120} INFO - ::group::Pre task execution logs
[2024-06-07T06:36:51.567+0000] {taskinstance.py:2076} INFO - Dependencies all met for dep_context=non-requeueable deps ti=<TaskInstance: my_dag.task1 scheduled__2024-05-29T16:53:00+00:00 [queued]>
[2024-06-07T06:36:51.598+0000] {taskinstance.py:2076} INFO - Dependencies all met for dep_context=requeueable deps ti=<TaskInstance: my_dag.task1 scheduled__2024-05-29T16:53:00+00:00 [queued]>
[2024-06-07T06:36:51.600+0000] {taskinstance.py:2306} INFO - Starting attempt 1 of 2
[2024-06-07T06:36:51.696+0000] {taskinstance.py:2330} INFO - Executing <Task(BashOperator): task1> on 2024-05-29 16:53:00+00:00
[2024-06-07T06:36:51.709+0000] {warnings.py:110} WARNING - /home/***/.local/lib/python3.12/site-packages/***/task/task_runner/standard_task_runner.py:61: DeprecationWarning: This process (pid=49) is multi-threaded, use of fork() may lead to deadlocks in the child.
  pid = os.fork()

[2024-06-07T06:36:51.712+0000] {standard_task_runner.py:63} INFO - Started process 66 to run task
[2024-06-07T06:36:51.716+0000] {standard_task_runner.py:90} INFO - Running: ['***', 'tasks', 'run', 'my_dag', 'task1', 'scheduled__2024-05-29T16:53:00+00:00', '--job-id', '142', '--raw', '--subdir', 'DAGS_FOLDER/test_dag.py', '--cfg-path', '/tmp/tmp6gvi_p22']
[2024-06-07T06:36:51.719+0000] {standard_task_runner.py:91} INFO - Job 142: Subtask task1
[2024-06-07T06:36:51.887+0000] {task_command.py:426} INFO - Running <TaskInstance: my_dag.task1 scheduled__2024-05-29T16:53:00+00:00 [running]> on host c0a906348550
[2024-06-07T06:36:52.176+0000] {taskinstance.py:2648} INFO - Exporting env vars: AIRFLOW_CTX_DAG_OWNER='***' AIRFLOW_CTX_DAG_ID='my_dag' AIRFLOW_CTX_TASK_ID='task1' AIRFLOW_CTX_EXECUTION_DATE='2024-05-29T16:53:00+00:00' AIRFLOW_CTX_TRY_NUMBER='1' AIRFLOW_CTX_DAG_RUN_ID='scheduled__2024-05-29T16:53:00+00:00'
[2024-06-07T06:36:52.182+0000] {taskinstance.py:430} INFO - ::endgroup::
[2024-06-07T06:36:52.276+0000] {subprocess.py:63} INFO - Tmp dir root location: /tmp
[2024-06-07T06:36:52.283+0000] {subprocess.py:75} INFO - Running command: ['/usr/bin/bash', '-c', 'echo " hello "']
[2024-06-07T06:36:52.315+0000] {subprocess.py:86} INFO - Output:
[2024-06-07T06:36:52.327+0000] {subprocess.py:93} INFO -  hello
[2024-06-07T06:36:52.335+0000] {subprocess.py:97} INFO - Command exited with return code 0
[2024-06-07T06:36:52.336+0000] {taskinstance.py:441} INFO - ::group::Post task execution logs
[2024-06-07T06:36:52.436+0000] {taskinstance.py:1206} INFO - Marking task as SUCCESS. dag_id=my_dag, task_id=task1, run_id=scheduled__2024-05-29T16:53:00+00:00, execution_date=20240529T165300, start_date=20240607T063651, end_date=20240607T063652
[2024-06-07T06:36:52.495+0000] {local_task_job_runner.py:240} INFO - Task exited with return code 0
[2024-06-07T06:36:52.592+0000] {local_task_job_runner.py:222} INFO - ::endgroup::
